[2024-09-23 06:56:02] {"action":"productoDesactivado"}
[2024-09-23 06:56:04] {"action":"productoDesactivado"}
[2024-09-23 06:56:18] {"action":"productoEliminado"}
[2024-09-23 06:56:30] {"action":"productoReactivado"}
[2024-09-23 06:56:40] {"action":"productoDesactivado"}
[2024-09-23 06:56:45] {"action":"productoReactivado"}
[2024-09-23 06:56:47] {"action":"productoReactivado"}
[2024-09-23 06:56:49] {"action":"productoReactivado"}
[2024-09-23 06:57:23] {"action":"productoDesactivado"}
[2024-09-23 06:57:27] {"action":"productoReactivado"}
[2024-09-23 07:00:44] {"action":"categoriaActualizada"}
[2024-09-23 07:01:21] {"action":"categoriaActualizada"}
[2024-09-23 07:01:58] {"action":"productoDesactivado"}
[2024-09-23 07:02:05] {"action":"productoDesactivado"}
[2024-09-23 07:03:11] {"action":"productoDesactivado"}
[2024-09-23 07:03:27] {"action":"productoReactivado"}
[2024-09-23 07:03:29] {"action":"productoReactivado"}
[2024-09-23 07:03:31] {"action":"productoReactivado"}
[2024-09-23 07:05:15] {"action":"categoriaActualizada"}
[2024-09-23 07:05:21] {"action":"categoriaActualizada"}
[2024-09-23 07:05:26] {"action":"categoriaActualizada"}
[2024-09-23 07:05:29] {"action":"categoriaActualizada"}
[2024-09-23 07:08:52] {"action":"categoriaActualizada"}
[2024-09-23 07:09:08] {"action":"categoriaActualizada"}
[2024-09-23 07:09:12] {"action":"categoriaActualizada"}
[2024-09-23 07:09:12] {"action":"categoriaActualizada"}
[2024-09-23 07:09:18] {"action":"categoriaActualizada"}
[2024-09-23 07:12:59] {"action":"nuevoProductoAgregado"}
[2024-09-23 07:13:26] {"action":"productoEliminado"}
[2024-09-23 17:44:31] {"action":"productoReactivado"}
[2024-09-23 17:44:39] {"action":"productoDesactivado"}
[2024-09-23 17:45:06] {"action":"productoDesactivado"}
[2024-09-23 17:45:21] {"action":"productoReactivado"}
[2024-09-23 17:45:23] {"action":"productoReactivado"}
[2024-09-23 17:53:38] {"action":"categoriaActualizada"}
[2024-09-23 17:53:49] {"action":"categoriaActualizada"}
[2024-09-23 17:53:52] {"action":"categoriaActualizada"}
[2024-09-23 17:55:31] {"action":"categoriaActualizada"}
[2024-09-23 17:55:34] {"action":"categoriaActualizada"}
[2024-09-23 17:57:03] {"action":"categoriaActualizada"}
[2024-09-23 17:57:54] {"action":"categoriaActualizada"}
[2024-09-23 18:00:26] {"action":"categoriaActualizada"}
[2024-09-23 18:02:50] {"action":"categoriaActualizada"}
[2024-09-23 18:03:16] {"action":"categoriaActualizada"}
[2024-09-23 18:03:38] {"action":"categoriaActualizada"}
[2024-09-23 18:05:04] {"action":"categoriaActualizada"}
[2024-09-23 18:05:32] {"action":"categoriaActualizada"}
[2024-09-23 18:05:54] {"action":"categoriaActualizada"}
[2024-09-23 18:09:07] {"action":"categoriaActualizada"}
[2024-09-23 18:10:12] {"action":"categoriaActualizada"}
[2024-09-23 18:10:15] {"action":"categoriaActualizada"}
[2024-09-23 18:10:30] {"action":"categoriaActualizada"}
[2024-09-23 18:10:32] {"action":"categoriaActualizada"}
[2024-09-23 18:10:40] {"action":"categoriaActualizada"}
[2024-09-23 18:10:51] {"action":"categoriaActualizada"}
[2024-09-23 18:10:55] {"action":"categoriaActualizada"}
[2024-09-23 18:10:58] {"action":"categoriaActualizada"}
[2024-09-23 18:11:33] {"action":"categoriaActualizada"}
[2024-09-23 18:11:38] {"action":"categoriaActualizada"}
[2024-09-23 18:11:42] {"action":"categoriaActualizada"}
[2024-09-23 18:11:45] {"action":"categoriaActualizada"}
[2024-09-23 18:11:49] {"action":"categoriaActualizada"}
[2024-09-23 18:13:28] {"action":"categoriaActualizada"}
[2024-09-23 18:13:31] {"action":"categoriaActualizada"}
[2024-09-23 18:14:06] {"action":"categoriaActualizada"}
[2024-09-23 18:14:10] {"action":"categoriaActualizada"}
[2024-09-23 18:14:16] {"action":"categoriaActualizada"}
[2024-09-23 18:15:44] {"action":"categoriaActualizada"}
[2024-09-23 18:23:22] {"action":"categoriaActualizada"}
[2024-09-23 18:29:18] {"action":"categoriaActualizada"}
[2024-09-23 18:29:22] {"action":"categoriaActualizada"}
[2024-09-23 18:29:29] {"action":"categoriaActualizada"}
[2024-09-23 18:30:14] {"action":"categoriaActualizada"}
[2024-09-23 18:30:16] {"action":"categoriaActualizada"}
[2024-09-23 18:30:20] {"action":"categoriaActualizada"}
[2024-09-23 18:30:40] {"action":"categoriaActualizada"}
[2024-09-23 18:33:01] {"action":"categoriaActualizada"}
[2024-09-23 18:34:36] {"action":"categoriaActualizada"}
